<?xml version="1.0" encoding="UTF-8" ?>
<testsuite tests="22" failures="0" name="runner.TestRunnerJUnit" time="112.344" errors="0" skipped="7">
  <properties>
[...]
</properties>
  <testcase classname="| Jim | Male | 32 | Bloating | IBS | 2 | No | No | Not Now | Play Store |" name="Given I tap Get started button" time="0.003"/>
  <testcase classname="| Jim | Male | 32 | Bloating | IBS | 2 | No | No | Not Now | Play Store |" name="And I insert my name as &quot;Jim&quot;" time="0"/>
  <testcase classname="| Jim | Male | 32 | Bloating | IBS | 2 | No | No | Not Now | Play Store |" name="And I select my &quot;Male&quot;" time="0.001"/>
  <testcase classname="| Jim | Male | 32 | Bloating | IBS | 2 | No | No | Not Now | Play Store |" name="And I insert my age as &quot;32&quot;" time="0"/>
  <testcase classname="| Jim | Male | 32 | Bloating | IBS | 2 | No | No | Not Now | Play Store |" name="And I click on &quot;Bloating&quot;" time="0"/>
  <testcase classname="| Jim | Male | 32 | Bloating | IBS | 2 | No | No | Not Now | Play Store |" name="And I click on the &quot;IBS&quot;" time="0"/>
  <testcase classname="| Jim | Male | 32 | Bloating | IBS | 2 | No | No | Not Now | Play Store |" name="And I specify &quot;2&quot; of my problem" time="0"/>
  <testcase classname="| Jim | Male | 32 | Bloating | IBS | 2 | No | No | Not Now | Play Store |" name="And I  am receiving &quot;No&quot;" time="0"/>
  <testcase classname="| Jim | Male | 32 | Bloating | IBS | 2 | No | No | Not Now | Play Store |" name="And I am taking &quot;No&quot;" time="0"/>
  <testcase classname="| Jim | Male | 32 | Bloating | IBS | 2 | No | No | Not Now | Play Store |" name="And I insert my Email as &quot;Not Now&quot;" time="0"/>
  <testcase classname="| Jim | Male | 32 | Bloating | IBS | 2 | No | No | Not Now | Play Store |" name="And I hear about the app in an &quot;Play Store&quot;" time="0"/>
  <testcase classname="| Jim | Male | 32 | Bloating | IBS | 2 | No | No | Not Now | Play Store |" name="When I click on OK" time="0"/>
  <testcase classname="| Jim | Male | 32 | Bloating | IBS | 2 | No | No | Not Now | Play Store |" name="Then I am in Dashboard view" time="0"/>
  <testcase classname="| Jim | Male | 32 | Bloating | IBS | 2 | No | No | Not Now | Play Store |" name="| Jim | Male | 32 | Bloating | IBS | 2 | No | No | Not Now | Play Store |" time="0.303"/>
  <testcase classname="Scenario: Check a premium user can subscribe for a new program" name="Given I am a premium user" time="13.959">
    <skipped/>
    <system-out>
  Scenario Outline: User makes his profile before he starts using the App. # onboarding.feature:20
    Given I tap Get started button                                         # OnboardingSteps.i_tap_Get_started_button()
    And I insert my name as &quot;Jim&quot;                                          # OnboardingSteps.i_insert_my_name_as(String)
    And I select my &quot;Male&quot;                                                 # OnboardingSteps.i_select_my(String)
    And I insert my age as &quot;32&quot;                                            # OnboardingSteps.i_insert_my_age_as(String)
    And I click on &quot;Bloating&quot;                                              # OnboardingSteps.i_click_on(String)
    And I click on the &quot;IBS&quot;                                               # OnboardingSteps.i_click_on_the(String)
    And I specify &quot;2&quot; of my problem                                        # OnboardingSteps.i_specify_of_my_problem(String)
    And I  am receiving &quot;No&quot;                                               # OnboardingSteps.i_am_receiving(String)
    And I am taking &quot;No&quot;                                                   # OnboardingSteps.i_am_taking(String)
    And I insert my Email as &quot;Not Now&quot;                                     # OnboardingSteps.i_insert_my_Email_as(String)
    And I hear about the app in an &quot;Play Store&quot;                            # OnboardingSteps.i_hear_about_the_app_in_an(String)
    When I click on OK                                                     # OnboardingSteps.i_click_on_OK()
    Then I am in Dashboard view                                            # OnboardingSteps.i_am_in_Dashboard_view()
Feature: subscription in a new program
</system-out>
    <system-err>Mar 02, 2020 10:12:40 PM org.openqa.selenium.remote.ProtocolHandshake createSession
INFO: Detected dialect: W3C
</system-err>
  </testcase>
  <testcase classname="Scenario: Check a premium user can subscribe for a new program" name="When I choose a program" time="13.959">
    <skipped/>
  </testcase>
  <testcase classname="Scenario: Check a premium user can subscribe for a new program" name="And I insert my basic information" time="13.96">
    <skipped/>
  </testcase>
  <testcase classname="Scenario: Check a premium user can subscribe for a new program" name="And I save the program" time="13.96">
    <skipped/>
  </testcase>
  <testcase classname="Scenario: Check a premium user can subscribe for a new program" name="Then I get redirected to dashboard view" time="13.961">
    <skipped/>
  </testcase>
  <testcase classname="Scenario: Check a premium user can subscribe for a new program" name="And I receive a message about new program in dashboard" time="13.962">
    <skipped/>
  </testcase>
  <testcase classname="Scenario: Check a premium user can subscribe for a new program" name="Scenario: Check a premium user can subscribe for a new program" time="14.138">
    <skipped/>
  </testcase>
  <testcase classname="Scenario: Check a premium user can subscribe for a new program" name="Scenario: Check a premium user can subscribe for a new program" time="14.138"/>
</testsuite>